11:52:08 httpcore.connection connect_tcp.started host='huggingface.co' port=443 local_address=None timeout=10 socket_options=None
11:52:08 httpcore.connection connect_tcp.complete return_value=<httpcore._backends.sync.SyncStream object at 0x12722b380>
11:52:08 httpcore.connection start_tls.started ssl_context=<ssl.SSLContext object at 0x1272c8710> server_hostname='huggingface.co' timeout=10
11:52:08 httpcore.connection start_tls.complete return_value=<httpcore._backends.sync.SyncStream object at 0x12725e0d0>
11:52:08 httpcore.http11 send_request_headers.started request=<Request [b'HEAD']>
11:52:08 httpcore.http11 send_request_headers.complete
11:52:08 httpcore.http11 send_request_body.started request=<Request [b'HEAD']>
11:52:08 httpcore.http11 send_request_body.complete
11:52:08 httpcore.http11 receive_response_headers.started request=<Request [b'HEAD']>
11:52:08 httpcore.http11 receive_response_headers.complete return_value=(b'HTTP/1.1', 307, b'Temporary Redirect', [(b'Content-Type', b'text/plain; charset=utf-8'), (b'Content-Length', b'246'), (b'Connection', b'keep-alive'), (b'Date', b'Fri, 10 Apr 2026 18:52:08 GMT'), (b'Location', b'/api/resolve-cache/models/google/gemma-4-31B-it/439edf5652646a0d1bd8b46bfdc1d3645761a445/config.json?%2Fgoogle%2Fgemma-4-31B-it%2Fresolve%2Fmain%2Fconfig.json=&etag=%225f291aa9973fbb38982f9bade924989edc7b895d%22'), (b'X-Powered-By', b'huggingface-moon'), (b'X-Request-Id', b'Root=1-69d946d8-2e42d19e226a68fe6fe24d2b;567977dd-6362-479d-8361-6f96d8ae1370'), (b'RateLimit', b'"resolvers";r=2989;t=48'), (b'RateLimit-Policy', b'"fixed window";"resolvers";q=3000;w=300'), (b'cross-origin-opener-policy', b'same-origin'), (b'Referrer-Policy', b'strict-origin-when-cross-origin'), (b'Access-Control-Max-Age', b'86400'), (b'Access-Control-Allow-Origin', b'https://huggingface.co'), (b'Vary', b'Origin, Accept'), (b'Access-Control-Expose-Headers', b'X-Repo-Commit,X-Request-Id,X-Error-Code,X-Error-Message,X-Total-Count,ETag,Link,Accept-Ranges,Content-Range,X-Linked-Size,X-Linked-ETag,X-Xet-Hash'), (b'X-Repo-Commit', b'439edf5652646a0d1bd8b46bfdc1d3645761a445'), (b'Accept-Ranges', b'bytes'), (b'X-HF-Warning', b'unauthenticated; Warning: You are sending unauthenticated requests to the HF Hub. Please set a HF_TOKEN to enable higher rate limits and faster downloads.'), (b'X-Hub-Cache', b'HIT'), (b'Content-Disposition', b'inline; filename*=UTF-8\'\'config.json; filename="config.json";'), (b'Content-Security-Policy', b"default-src 'none'; sandbox"), (b'X-Linked-ETag', b'"5f291aa9973fbb38982f9bade924989edc7b895d"'), (b'X-Cache', b'Miss from cloudfront'), (b'Via', b'1.1 0c32860274691581031a51698ea82be8.cloudfront.net (CloudFront)'), (b'X-Amz-Cf-Pop', b'LAX53-P4'), (b'X-Amz-Cf-Id', b'gpbIJx0XvGEkdnEJgrlj2DvUnvOl6lWJgjPsrkvSXS1DbH8Bw_58xg==')])
11:52:08 httpx HTTP Request: HEAD https://huggingface.co/google/gemma-4-31B-it/resolve/main/config.json "HTTP/1.1 307 Temporary Redirect"
11:52:08 httpcore.http11 receive_response_body.started request=<Request [b'HEAD']>
11:52:08 httpcore.http11 receive_response_body.complete
11:52:08 httpcore.http11 response_closed.started
11:52:08 httpcore.http11 response_closed.complete
11:52:08 huggingface_hub.utils._http Warning: You are sending unauthenticated requests to the HF Hub. Please set a HF_TOKEN to enable higher rate limits and faster downloads.
11:52:08 httpcore.http11 send_request_headers.started request=<Request [b'HEAD']>
11:52:08 httpcore.http11 send_request_headers.complete
11:52:08 httpcore.http11 send_request_body.started request=<Request [b'HEAD']>
11:52:08 httpcore.http11 send_request_body.complete
11:52:08 httpcore.http11 receive_response_headers.started request=<Request [b'HEAD']>
11:52:08 httpcore.http11 receive_response_headers.complete return_value=(b'HTTP/1.1', 200, b'OK', [(b'Content-Type', b'text/plain; charset=utf-8'), (b'Content-Length', b'4621'), (b'Connection', b'keep-alive'), (b'Date', b'Fri, 10 Apr 2026 16:35:22 GMT'), (b'ETag', b'"5f291aa9973fbb38982f9bade924989edc7b895d"'), (b'X-Powered-By', b'huggingface-moon'), (b'X-Request-Id', b'Root=1-69d926ca-491066de6bdbcd0501328516;6cbe8e7d-1d7c-43e4-aee4-166c911ab9e6'), (b'RateLimit', b'"resolvers";r=2142;t=110'), (b'RateLimit-Policy', b'"fixed window";"resolvers";q=3000;w=300'), (b'cross-origin-opener-policy', b'same-origin'), (b'Referrer-Policy', b'strict-origin-when-cross-origin'), (b'Access-Control-Max-Age', b'86400'), (b'Access-Control-Allow-Origin', b'https://huggingface.co'), (b'Access-Control-Expose-Headers', b'X-Repo-Commit,X-Request-Id,X-Error-Code,X-Error-Message,X-Total-Count,ETag,Link,Accept-Ranges,Content-Range,X-Linked-Size,X-Linked-ETag,X-Xet-Hash'), (b'X-Repo-Commit', b'439edf5652646a0d1bd8b46bfdc1d3645761a445'), (b'Accept-Ranges', b'bytes'), (b'X-Hub-Cache', b'MISS'), (b'Content-Disposition', b'inline; filename*=UTF-8\'\'config.json; filename="config.json";'), (b'Content-Security-Policy', b"default-src 'none'; sandbox"), (b'Vary', b'Origin'), (b'X-Cache', b'Hit from cloudfront'), (b'Via', b'1.1 0c32860274691581031a51698ea82be8.cloudfront.net (CloudFront)'), (b'X-Amz-Cf-Pop', b'LAX53-P4'), (b'X-Amz-Cf-Id', b'rrBrRzQ8KCM_1ewXeDvJYkvmIzf6Y7xSTkgib9924dSVhszmbEQYmw=='), (b'Age', b'8206')])
11:52:08 httpx HTTP Request: HEAD https://huggingface.co/api/resolve-cache/models/google/gemma-4-31B-it/439edf5652646a0d1bd8b46bfdc1d3645761a445/config.json "HTTP/1.1 200 OK"
11:52:08 httpcore.http11 receive_response_body.started request=<Request [b'HEAD']>
11:52:08 httpcore.http11 receive_response_body.complete
11:52:08 httpcore.http11 response_closed.started
11:52:08 httpcore.http11 response_closed.complete
11:52:08 httpcore.http11 send_request_headers.started request=<Request [b'HEAD']>
11:52:08 httpcore.http11 send_request_headers.complete
11:52:08 httpcore.http11 send_request_body.started request=<Request [b'HEAD']>
11:52:08 httpcore.http11 send_request_body.complete
11:52:08 httpcore.http11 receive_response_headers.started request=<Request [b'HEAD']>
11:52:08 httpcore.http11 receive_response_headers.complete return_value=(b'HTTP/1.1', 307, b'Temporary Redirect', [(b'Content-Type', b'text/plain; charset=utf-8'), (b'Content-Length', b'266'), (b'Connection', b'keep-alive'), (b'Date', b'Fri, 10 Apr 2026 18:52:08 GMT'), (b'Location', b'/api/resolve-cache/models/google/gemma-4-31B-it/439edf5652646a0d1bd8b46bfdc1d3645761a445/tokenizer_config.json?%2Fgoogle%2Fgemma-4-31B-it%2Fresolve%2Fmain%2Ftokenizer_config.json=&etag=%22375b25dc8be85705251e41be1c25310d24932051%22'), (b'X-Powered-By', b'huggingface-moon'), (b'X-Request-Id', b'Root=1-69d946d8-4f21e99c5c1e6cad0b4f9523;70e0e6d0-1755-4ba6-8517-bb0eb8217ee7'), (b'RateLimit', b'"resolvers";r=2988;t=48'), (b'RateLimit-Policy', b'"fixed window";"resolvers";q=3000;w=300'), (b'cross-origin-opener-policy', b'same-origin'), (b'Referrer-Policy', b'strict-origin-when-cross-origin'), (b'Access-Control-Max-Age', b'86400'), (b'Access-Control-Allow-Origin', b'https://huggingface.co'), (b'Vary', b'Origin, Accept'), (b'Access-Control-Expose-Headers', b'X-Repo-Commit,X-Request-Id,X-Error-Code,X-Error-Message,X-Total-Count,ETag,Link,Accept-Ranges,Content-Range,X-Linked-Size,X-Linked-ETag,X-Xet-Hash'), (b'X-Repo-Commit', b'439edf5652646a0d1bd8b46bfdc1d3645761a445'), (b'Accept-Ranges', b'bytes'), (b'X-Hub-Cache', b'HIT'), (b'Content-Disposition', b'inline; filename*=UTF-8\'\'tokenizer_config.json; filename="tokenizer_config.json";'), (b'Content-Security-Policy', b"default-src 'none'; sandbox"), (b'X-Linked-ETag', b'"375b25dc8be85705251e41be1c25310d24932051"'), (b'X-Cache', b'Miss from cloudfront'), (b'Via', b'1.1 0c32860274691581031a51698ea82be8.cloudfront.net (CloudFront)'), (b'X-Amz-Cf-Pop', b'LAX53-P4'), (b'X-Amz-Cf-Id', b'Mqaz4DUEov_9d54IFw8SJntunZhB4r9oUP-bjG9NDGokgLEybvn_lw==')])
11:52:08 httpx HTTP Request: HEAD https://huggingface.co/google/gemma-4-31B-it/resolve/main/tokenizer_config.json "HTTP/1.1 307 Temporary Redirect"
11:52:08 httpcore.http11 receive_response_body.started request=<Request [b'HEAD']>
11:52:08 httpcore.http11 receive_response_body.complete
11:52:08 httpcore.http11 response_closed.started
11:52:08 httpcore.http11 response_closed.complete
11:52:08 httpcore.http11 send_request_headers.started request=<Request [b'HEAD']>
11:52:08 httpcore.http11 send_request_headers.complete
11:52:08 httpcore.http11 send_request_body.started request=<Request [b'HEAD']>
11:52:08 httpcore.http11 send_request_body.complete
11:52:08 httpcore.http11 receive_response_headers.started request=<Request [b'HEAD']>
11:52:08 httpcore.http11 receive_response_headers.complete return_value=(b'HTTP/1.1', 200, b'OK', [(b'Content-Type', b'text/plain; charset=utf-8'), (b'Content-Length', b'2095'), (b'Connection', b'keep-alive'), (b'Date', b'Fri, 10 Apr 2026 16:35:22 GMT'), (b'ETag', b'"375b25dc8be85705251e41be1c25310d24932051"'), (b'X-Powered-By', b'huggingface-moon'), (b'X-Request-Id', b'Root=1-69d926ca-143279b30a6e399d3d32999c;a35591d3-cd75-4930-a1e7-7003980b91f4'), (b'RateLimit', b'"resolvers";r=2139;t=110'), (b'RateLimit-Policy', b'"fixed window";"resolvers";q=3000;w=300'), (b'cross-origin-opener-policy', b'same-origin'), (b'Referrer-Policy', b'strict-origin-when-cross-origin'), (b'Access-Control-Max-Age', b'86400'), (b'Access-Control-Allow-Origin', b'https://huggingface.co'), (b'Access-Control-Expose-Headers', b'X-Repo-Commit,X-Request-Id,X-Error-Code,X-Error-Message,X-Total-Count,ETag,Link,Accept-Ranges,Content-Range,X-Linked-Size,X-Linked-ETag,X-Xet-Hash'), (b'X-Repo-Commit', b'439edf5652646a0d1bd8b46bfdc1d3645761a445'), (b'Accept-Ranges', b'bytes'), (b'X-Hub-Cache', b'MISS'), (b'Content-Disposition', b'inline; filename*=UTF-8\'\'tokenizer_config.json; filename="tokenizer_config.json";'), (b'Content-Security-Policy', b"default-src 'none'; sandbox"), (b'Vary', b'Origin'), (b'X-Cache', b'Hit from cloudfront'), (b'Via', b'1.1 0c32860274691581031a51698ea82be8.cloudfront.net (CloudFront)'), (b'X-Amz-Cf-Pop', b'LAX53-P4'), (b'X-Amz-Cf-Id', b'8l-tHYrRco5LEJZ_EJGkFBo0CV6T_ljmJPi0OJORgq1LJJ1eK0PNPg=='), (b'Age', b'8206')])
11:52:08 httpx HTTP Request: HEAD https://huggingface.co/api/resolve-cache/models/google/gemma-4-31B-it/439edf5652646a0d1bd8b46bfdc1d3645761a445/tokenizer_config.json "HTTP/1.1 200 OK"
11:52:08 httpcore.http11 receive_response_body.started request=<Request [b'HEAD']>
11:52:08 httpcore.http11 receive_response_body.complete
11:52:08 httpcore.http11 response_closed.started
11:52:08 httpcore.http11 response_closed.complete
11:52:08 httpcore.http11 send_request_headers.started request=<Request [b'GET']>
11:52:08 httpcore.http11 send_request_headers.complete
11:52:08 httpcore.http11 send_request_body.started request=<Request [b'GET']>
11:52:08 httpcore.http11 send_request_body.complete
11:52:08 httpcore.http11 receive_response_headers.started request=<Request [b'GET']>
11:52:08 httpcore.http11 receive_response_headers.complete return_value=(b'HTTP/1.1', 404, b'Not Found', [(b'Content-Type', b'application/json; charset=utf-8'), (b'Content-Length', b'64'), (b'Connection', b'keep-alive'), (b'Date', b'Fri, 10 Apr 2026 18:52:08 GMT'), (b'ETag', b'W/"40-09f9IAqP13xarAhQxFS2W8rvRkM"'), (b'X-Powered-By', b'huggingface-moon'), (b'X-Request-Id', b'Root=1-69d946d8-7f251dc002806ce97be1e161;cffb706e-0f87-429d-9fdb-609ca664d68a'), (b'RateLimit', b'"api";r=493;t=48'), (b'RateLimit-Policy', b'"fixed window";"api";q=500;w=300'), (b'cross-origin-opener-policy', b'same-origin'), (b'Referrer-Policy', b'strict-origin-when-cross-origin'), (b'Access-Control-Max-Age', b'86400'), (b'Access-Control-Allow-Origin', b'https://huggingface.co'), (b'Vary', b'Origin'), (b'Access-Control-Expose-Headers', b'X-Repo-Commit,X-Request-Id,X-Error-Code,X-Error-Message,X-Total-Count,ETag,Link,Accept-Ranges,Content-Range,X-Linked-Size,X-Linked-ETag,X-Xet-Hash'), (b'X-Error-Code', b'EntryNotFound'), (b'X-Error-Message', b'additional_chat_templates does not exist on "main"'), (b'X-Cache', b'Error from cloudfront'), (b'Via', b'1.1 0c32860274691581031a51698ea82be8.cloudfront.net (CloudFront)'), (b'X-Amz-Cf-Pop', b'LAX53-P4'), (b'X-Amz-Cf-Id', b'SJOZol3rZyuOrqN5rsc0cAHqeJTwH_2C9w4U3sPj6EI2EmYnQtb5lA==')])
11:52:08 httpx HTTP Request: GET https://huggingface.co/api/models/google/gemma-4-31B-it/tree/main/additional_chat_templates?recursive=false&expand=false "HTTP/1.1 404 Not Found"
11:52:08 httpcore.http11 receive_response_body.started request=<Request [b'GET']>
11:52:08 httpcore.http11 receive_response_body.complete
11:52:08 httpcore.http11 response_closed.started
11:52:08 httpcore.http11 response_closed.complete
11:52:08 httpcore.http11 send_request_headers.started request=<Request [b'GET']>
11:52:08 httpcore.http11 send_request_headers.complete
11:52:08 httpcore.http11 send_request_body.started request=<Request [b'GET']>
11:52:08 httpcore.http11 send_request_body.complete
11:52:08 httpcore.http11 receive_response_headers.started request=<Request [b'GET']>
11:52:09 httpcore.http11 receive_response_headers.complete return_value=(b'HTTP/1.1', 200, b'OK', [(b'Content-Type', b'application/json; charset=utf-8'), (b'Transfer-Encoding', b'chunked'), (b'Connection', b'keep-alive'), (b'Date', b'Fri, 10 Apr 2026 18:52:09 GMT'), (b'content-encoding', b'gzip'), (b'ETag', b'W/"6f8-u8QpxMcge0ETD2PMd1kUPDSHYaA"'), (b'X-Powered-By', b'huggingface-moon'), (b'X-Request-Id', b'Root=1-69d946d9-56bab4a91b97c04663dc7f3d;97289dee-b9dd-48b5-80a6-74e6e5ed8399'), (b'RateLimit', b'"api";r=492;t=47'), (b'RateLimit-Policy', b'"fixed window";"api";q=500;w=300'), (b'cross-origin-opener-policy', b'same-origin'), (b'Referrer-Policy', b'strict-origin-when-cross-origin'), (b'Access-Control-Max-Age', b'86400'), (b'Access-Control-Allow-Origin', b'https://huggingface.co'), (b'Vary', b'Origin'), (b'vary', b'Accept-Encoding'), (b'Access-Control-Expose-Headers', b'X-Repo-Commit,X-Request-Id,X-Error-Code,X-Error-Message,X-Total-Count,ETag,Link,Accept-Ranges,Content-Range,X-Linked-Size,X-Linked-ETag,X-Xet-Hash'), (b'X-Cache', b'Miss from cloudfront'), (b'Via', b'1.1 0c32860274691581031a51698ea82be8.cloudfront.net (CloudFront)'), (b'X-Amz-Cf-Pop', b'LAX53-P4'), (b'X-Amz-Cf-Id', b'rR_slhk_qFFxTfzOllPVe4Q52vdHoJlWZdoWKEKuds981Jm1Lm7y3w==')])
11:52:09 httpx HTTP Request: GET https://huggingface.co/api/models/google/gemma-4-31B-it/tree/main?recursive=true&expand=false "HTTP/1.1 200 OK"
11:52:09 httpcore.http11 receive_response_body.started request=<Request [b'GET']>
11:52:09 httpcore.http11 receive_response_body.complete
11:52:09 httpcore.http11 response_closed.started
11:52:09 httpcore.http11 response_closed.complete
11:52:09 httpcore.http11 send_request_headers.started request=<Request [b'GET']>
11:52:09 httpcore.http11 send_request_headers.complete
11:52:09 httpcore.http11 send_request_body.started request=<Request [b'GET']>
11:52:09 httpcore.http11 send_request_body.complete
11:52:09 httpcore.http11 receive_response_headers.started request=<Request [b'GET']>
11:52:09 httpcore.http11 receive_response_headers.complete return_value=(b'HTTP/1.1', 200, b'OK', [(b'Content-Type', b'application/json; charset=utf-8'), (b'Transfer-Encoding', b'chunked'), (b'Connection', b'keep-alive'), (b'Date', b'Fri, 10 Apr 2026 18:52:09 GMT'), (b'content-encoding', b'gzip'), (b'ETag', b'W/"52c1-LPRsWG90YQrtxrs4fqe5de0MxTI"'), (b'X-Powered-By', b'huggingface-moon'), (b'X-Request-Id', b'Root=1-69d946d9-58a894371bbf70e37b44ef20;49fd4ad1-5c60-485b-8ce3-c8e0fa27e9bb'), (b'RateLimit', b'"api";r=491;t=47'), (b'RateLimit-Policy', b'"fixed window";"api";q=500;w=300'), (b'cross-origin-opener-policy', b'same-origin'), (b'Referrer-Policy', b'strict-origin-when-cross-origin'), (b'Access-Control-Max-Age', b'86400'), (b'Access-Control-Allow-Origin', b'https://huggingface.co'), (b'Vary', b'Origin'), (b'vary', b'Accept-Encoding'), (b'Access-Control-Expose-Headers', b'X-Repo-Commit,X-Request-Id,X-Error-Code,X-Error-Message,X-Total-Count,ETag,Link,Accept-Ranges,Content-Range,X-Linked-Size,X-Linked-ETag,X-Xet-Hash'), (b'X-Cache', b'Miss from cloudfront'), (b'Via', b'1.1 0c32860274691581031a51698ea82be8.cloudfront.net (CloudFront)'), (b'X-Amz-Cf-Pop', b'LAX53-P4'), (b'X-Amz-Cf-Id', b'1TdbutB4c9LynyOHD3Cvq9xUdnFjmBJsGHZLDgX1KpT7oO2y2y9GVA==')])
11:52:09 httpx HTTP Request: GET https://huggingface.co/api/models/google/gemma-4-31B-it "HTTP/1.1 200 OK"
11:52:09 httpcore.http11 receive_response_body.started request=<Request [b'GET']>
11:52:09 httpcore.http11 receive_response_body.complete
11:52:09 httpcore.http11 response_closed.started
11:52:09 httpcore.http11 response_closed.complete
11:52:09 httpcore.http11 send_request_headers.started request=<Request [b'HEAD']>
11:52:09 httpcore.http11 send_request_headers.complete
11:52:09 httpcore.http11 send_request_body.started request=<Request [b'HEAD']>
11:52:09 httpcore.http11 send_request_body.complete
11:52:09 httpcore.http11 receive_response_headers.started request=<Request [b'HEAD']>
11:52:09 httpcore.http11 receive_response_headers.complete return_value=(b'HTTP/1.1', 307, b'Temporary Redirect', [(b'Content-Type', b'text/plain; charset=utf-8'), (b'Content-Length', b'246'), (b'Connection', b'keep-alive'), (b'Date', b'Fri, 10 Apr 2026 18:52:09 GMT'), (b'Location', b'/api/resolve-cache/models/google/gemma-4-31B-it/439edf5652646a0d1bd8b46bfdc1d3645761a445/config.json?%2Fgoogle%2Fgemma-4-31B-it%2Fresolve%2Fmain%2Fconfig.json=&etag=%225f291aa9973fbb38982f9bade924989edc7b895d%22'), (b'X-Powered-By', b'huggingface-moon'), (b'X-Request-Id', b'Root=1-69d946d9-6979afd15e2b2dd478575f68;ff3b4d77-baee-47b6-9538-ca7e68a442c3'), (b'RateLimit', b'"resolvers";r=2987;t=47'), (b'RateLimit-Policy', b'"fixed window";"resolvers";q=3000;w=300'), (b'cross-origin-opener-policy', b'same-origin'), (b'Referrer-Policy', b'strict-origin-when-cross-origin'), (b'Access-Control-Max-Age', b'86400'), (b'Access-Control-Allow-Origin', b'https://huggingface.co'), (b'Vary', b'Origin, Accept'), (b'Access-Control-Expose-Headers', b'X-Repo-Commit,X-Request-Id,X-Error-Code,X-Error-Message,X-Total-Count,ETag,Link,Accept-Ranges,Content-Range,X-Linked-Size,X-Linked-ETag,X-Xet-Hash'), (b'X-Repo-Commit', b'439edf5652646a0d1bd8b46bfdc1d3645761a445'), (b'Accept-Ranges', b'bytes'), (b'X-Hub-Cache', b'HIT'), (b'Content-Disposition', b'inline; filename*=UTF-8\'\'config.json; filename="config.json";'), (b'Content-Security-Policy', b"default-src 'none'; sandbox"), (b'X-Linked-ETag', b'"5f291aa9973fbb38982f9bade924989edc7b895d"'), (b'X-Cache', b'Miss from cloudfront'), (b'Via', b'1.1 0c32860274691581031a51698ea82be8.cloudfront.net (CloudFront)'), (b'X-Amz-Cf-Pop', b'LAX53-P4'), (b'X-Amz-Cf-Id', b'J_huWXzqDwfO4bQXZNxvm234MbObZf9M7yOa56lzfpdb3RVqVTQ1bQ==')])
11:52:09 httpx HTTP Request: HEAD https://huggingface.co/google/gemma-4-31B-it/resolve/main/config.json "HTTP/1.1 307 Temporary Redirect"
11:52:09 httpcore.http11 receive_response_body.started request=<Request [b'HEAD']>
11:52:09 httpcore.http11 receive_response_body.complete
11:52:09 httpcore.http11 response_closed.started
11:52:09 httpcore.http11 response_closed.complete
11:52:09 httpcore.http11 send_request_headers.started request=<Request [b'HEAD']>
11:52:09 httpcore.http11 send_request_headers.complete
11:52:09 httpcore.http11 send_request_body.started request=<Request [b'HEAD']>
11:52:09 httpcore.http11 send_request_body.complete
11:52:09 httpcore.http11 receive_response_headers.started request=<Request [b'HEAD']>
11:52:09 httpcore.http11 receive_response_headers.complete return_value=(b'HTTP/1.1', 200, b'OK', [(b'Content-Type', b'text/plain; charset=utf-8'), (b'Content-Length', b'4621'), (b'Connection', b'keep-alive'), (b'Date', b'Fri, 10 Apr 2026 16:35:22 GMT'), (b'ETag', b'"5f291aa9973fbb38982f9bade924989edc7b895d"'), (b'X-Powered-By', b'huggingface-moon'), (b'X-Request-Id', b'Root=1-69d926ca-491066de6bdbcd0501328516;6cbe8e7d-1d7c-43e4-aee4-166c911ab9e6'), (b'RateLimit', b'"resolvers";r=2142;t=110'), (b'RateLimit-Policy', b'"fixed window";"resolvers";q=3000;w=300'), (b'cross-origin-opener-policy', b'same-origin'), (b'Referrer-Policy', b'strict-origin-when-cross-origin'), (b'Access-Control-Max-Age', b'86400'), (b'Access-Control-Allow-Origin', b'https://huggingface.co'), (b'Access-Control-Expose-Headers', b'X-Repo-Commit,X-Request-Id,X-Error-Code,X-Error-Message,X-Total-Count,ETag,Link,Accept-Ranges,Content-Range,X-Linked-Size,X-Linked-ETag,X-Xet-Hash'), (b'X-Repo-Commit', b'439edf5652646a0d1bd8b46bfdc1d3645761a445'), (b'Accept-Ranges', b'bytes'), (b'X-Hub-Cache', b'MISS'), (b'Content-Disposition', b'inline; filename*=UTF-8\'\'config.json; filename="config.json";'), (b'Content-Security-Policy', b"default-src 'none'; sandbox"), (b'Vary', b'Origin'), (b'X-Cache', b'Hit from cloudfront'), (b'Via', b'1.1 0c32860274691581031a51698ea82be8.cloudfront.net (CloudFront)'), (b'X-Amz-Cf-Pop', b'LAX53-P4'), (b'X-Amz-Cf-Id', b'kqjo4DSOEwJEkFmddkixTImT79UQiFtSZYt46pwg9_KdJKXifpGamg=='), (b'Age', b'8207')])
11:52:09 httpx HTTP Request: HEAD https://huggingface.co/api/resolve-cache/models/google/gemma-4-31B-it/439edf5652646a0d1bd8b46bfdc1d3645761a445/config.json "HTTP/1.1 200 OK"
11:52:09 httpcore.http11 receive_response_body.started request=<Request [b'HEAD']>
11:52:09 httpcore.http11 receive_response_body.complete
11:52:09 httpcore.http11 response_closed.started
11:52:09 httpcore.http11 response_closed.complete
11:52:35 httpcore.connection close.started
11:52:35 httpcore.connection close.complete
11:52:35 httpcore.connection connect_tcp.started host='huggingface.co' port=443 local_address=None timeout=10 socket_options=None
11:52:35 httpcore.connection connect_tcp.complete return_value=<httpcore._backends.sync.SyncStream object at 0x138ddf750>
11:52:35 httpcore.connection start_tls.started ssl_context=<ssl.SSLContext object at 0x1272c8710> server_hostname='huggingface.co' timeout=10
11:52:35 httpcore.connection start_tls.complete return_value=<httpcore._backends.sync.SyncStream object at 0x1133c4770>
11:52:35 httpcore.http11 send_request_headers.started request=<Request [b'HEAD']>
11:52:35 httpcore.http11 send_request_headers.complete
11:52:35 httpcore.http11 send_request_body.started request=<Request [b'HEAD']>
11:52:35 httpcore.http11 send_request_body.complete
11:52:35 httpcore.http11 receive_response_headers.started request=<Request [b'HEAD']>
11:52:35 httpcore.http11 receive_response_headers.complete return_value=(b'HTTP/1.1', 307, b'Temporary Redirect', [(b'Content-Type', b'text/plain; charset=utf-8'), (b'Content-Length', b'268'), (b'Connection', b'keep-alive'), (b'Date', b'Fri, 10 Apr 2026 18:52:35 GMT'), (b'Location', b'/api/resolve-cache/models/google/gemma-4-31B-it/439edf5652646a0d1bd8b46bfdc1d3645761a445/generation_config.json?%2Fgoogle%2Fgemma-4-31B-it%2Fresolve%2Fmain%2Fgeneration_config.json=&etag=%22e605bb4523b1462ea9d9a3810b9e3ecf7ab7b1f6%22'), (b'X-Powered-By', b'huggingface-moon'), (b'X-Request-Id', b'Root=1-69d946f3-40f14e8540ea5ebe78686f21;179fd36d-21e9-4cb1-b753-0884a84f625b'), (b'RateLimit', b'"resolvers";r=2986;t=21'), (b'RateLimit-Policy', b'"fixed window";"resolvers";q=3000;w=300'), (b'cross-origin-opener-policy', b'same-origin'), (b'Referrer-Policy', b'strict-origin-when-cross-origin'), (b'Access-Control-Max-Age', b'86400'), (b'Access-Control-Allow-Origin', b'https://huggingface.co'), (b'Vary', b'Origin, Accept'), (b'Access-Control-Expose-Headers', b'X-Repo-Commit,X-Request-Id,X-Error-Code,X-Error-Message,X-Total-Count,ETag,Link,Accept-Ranges,Content-Range,X-Linked-Size,X-Linked-ETag,X-Xet-Hash'), (b'X-Repo-Commit', b'439edf5652646a0d1bd8b46bfdc1d3645761a445'), (b'Accept-Ranges', b'bytes'), (b'X-HF-Warning', b'unauthenticated; Warning: You are sending unauthenticated requests to the HF Hub. Please set a HF_TOKEN to enable higher rate limits and faster downloads.'), (b'X-Hub-Cache', b'HIT'), (b'Content-Disposition', b'inline; filename*=UTF-8\'\'generation_config.json; filename="generation_config.json";'), (b'Content-Security-Policy', b"default-src 'none'; sandbox"), (b'X-Linked-ETag', b'"e605bb4523b1462ea9d9a3810b9e3ecf7ab7b1f6"'), (b'X-Cache', b'Miss from cloudfront'), (b'Via', b'1.1 b0f205dad5bc685f6d01b19929877a76.cloudfront.net (CloudFront)'), (b'X-Amz-Cf-Pop', b'LAX53-P4'), (b'X-Amz-Cf-Id', b'JeXpo6K1GPMWiA2S0jAidXYAajCKh8BjDFWnxsEsi8wMQ9yLixdMiQ==')])
11:52:35 httpx HTTP Request: HEAD https://huggingface.co/google/gemma-4-31B-it/resolve/main/generation_config.json "HTTP/1.1 307 Temporary Redirect"
11:52:35 httpcore.http11 receive_response_body.started request=<Request [b'HEAD']>
11:52:35 httpcore.http11 receive_response_body.complete
11:52:35 httpcore.http11 response_closed.started
11:52:35 httpcore.http11 response_closed.complete
11:52:35 httpcore.http11 send_request_headers.started request=<Request [b'HEAD']>
11:52:35 httpcore.http11 send_request_headers.complete
11:52:35 httpcore.http11 send_request_body.started request=<Request [b'HEAD']>
11:52:35 httpcore.http11 send_request_body.complete
11:52:35 httpcore.http11 receive_response_headers.started request=<Request [b'HEAD']>
11:52:35 httpcore.http11 receive_response_headers.complete return_value=(b'HTTP/1.1', 200, b'OK', [(b'Content-Type', b'text/plain; charset=utf-8'), (b'Content-Length', b'208'), (b'Connection', b'keep-alive'), (b'Date', b'Fri, 10 Apr 2026 16:35:23 GMT'), (b'ETag', b'"e605bb4523b1462ea9d9a3810b9e3ecf7ab7b1f6"'), (b'X-Powered-By', b'huggingface-moon'), (b'X-Request-Id', b'Root=1-69d926cb-16f2759a103d9fc078e731e5;245dfd4a-3424-4e96-9e32-2dd590ad50c1'), (b'RateLimit', b'"resolvers";r=2987;t=33'), (b'RateLimit-Policy', b'"fixed window";"resolvers";q=3000;w=300'), (b'cross-origin-opener-policy', b'same-origin'), (b'Referrer-Policy', b'strict-origin-when-cross-origin'), (b'Access-Control-Max-Age', b'86400'), (b'Access-Control-Allow-Origin', b'https://huggingface.co'), (b'Access-Control-Expose-Headers', b'X-Repo-Commit,X-Request-Id,X-Error-Code,X-Error-Message,X-Total-Count,ETag,Link,Accept-Ranges,Content-Range,X-Linked-Size,X-Linked-ETag,X-Xet-Hash'), (b'X-Repo-Commit', b'439edf5652646a0d1bd8b46bfdc1d3645761a445'), (b'Accept-Ranges', b'bytes'), (b'X-Hub-Cache', b'MISS'), (b'Content-Disposition', b'inline; filename*=UTF-8\'\'generation_config.json; filename="generation_config.json";'), (b'Content-Security-Policy', b"default-src 'none'; sandbox"), (b'Vary', b'Origin'), (b'X-Cache', b'Hit from cloudfront'), (b'Via', b'1.1 b0f205dad5bc685f6d01b19929877a76.cloudfront.net (CloudFront)'), (b'X-Amz-Cf-Pop', b'LAX53-P4'), (b'X-Amz-Cf-Id', b'uyTRRtjfRqT6DuyfV_NCF1kY0WTsAeWtbjJvznW4LZX9IfZWTpvwnQ=='), (b'Age', b'8232')])
11:52:35 httpx HTTP Request: HEAD https://huggingface.co/api/resolve-cache/models/google/gemma-4-31B-it/439edf5652646a0d1bd8b46bfdc1d3645761a445/generation_config.json "HTTP/1.1 200 OK"
11:52:35 httpcore.http11 receive_response_body.started request=<Request [b'HEAD']>
11:52:35 httpcore.http11 receive_response_body.complete
11:52:35 httpcore.http11 response_closed.started
11:52:35 httpcore.http11 response_closed.complete
11:52:35 httpcore.http11 send_request_headers.started request=<Request [b'HEAD']>
11:52:35 httpcore.http11 send_request_headers.complete
11:52:35 httpcore.http11 send_request_body.started request=<Request [b'HEAD']>
11:52:35 httpcore.http11 send_request_body.complete
11:52:35 httpcore.http11 receive_response_headers.started request=<Request [b'HEAD']>
11:52:35 httpcore.http11 receive_response_headers.complete return_value=(b'HTTP/1.1', 404, b'Not Found', [(b'Content-Type', b'text/plain; charset=utf-8'), (b'Content-Length', b'15'), (b'Connection', b'keep-alive'), (b'Date', b'Fri, 10 Apr 2026 18:52:35 GMT'), (b'ETag', b'W/"f-mY2VvLxuxB7KhsoOdQTlMTccuAQ"'), (b'X-Powered-By', b'huggingface-moon'), (b'X-Request-Id', b'Root=1-69d946f3-1f8effba629a2bd255d89e98;9824ccf0-34ae-47a7-bfa4-57feb7934bfb'), (b'RateLimit', b'"resolvers";r=2985;t=21'), (b'RateLimit-Policy', b'"fixed window";"resolvers";q=3000;w=300'), (b'cross-origin-opener-policy', b'same-origin'), (b'Referrer-Policy', b'strict-origin-when-cross-origin'), (b'Access-Control-Max-Age', b'86400'), (b'Access-Control-Allow-Origin', b'https://huggingface.co'), (b'Vary', b'Origin'), (b'Access-Control-Expose-Headers', b'X-Repo-Commit,X-Request-Id,X-Error-Code,X-Error-Message,X-Total-Count,ETag,Link,Accept-Ranges,Content-Range,X-Linked-Size,X-Linked-ETag,X-Xet-Hash'), (b'X-Repo-Commit', b'439edf5652646a0d1bd8b46bfdc1d3645761a445'), (b'Accept-Ranges', b'bytes'), (b'X-HF-Warning', b'unauthenticated; Warning: You are sending unauthenticated requests to the HF Hub. Please set a HF_TOKEN to enable higher rate limits and faster downloads.'), (b'X-Hub-Cache', b'MISS'), (b'X-Error-Code', b'EntryNotFound'), (b'X-Error-Message', b'Entry not found'), (b'X-Cache', b'Error from cloudfront'), (b'Via', b'1.1 b0f205dad5bc685f6d01b19929877a76.cloudfront.net (CloudFront)'), (b'X-Amz-Cf-Pop', b'LAX53-P4'), (b'X-Amz-Cf-Id', b'TIKNkcLVdn6sGZpMKaFBLT0Oqzbx4o3Vl7YIQfp_qcFGnj9DC6qKOA==')])
11:52:35 httpx HTTP Request: HEAD https://huggingface.co/google/gemma-4-31B-it/resolve/main/custom_generate/generate.py "HTTP/1.1 404 Not Found"
11:52:35 httpcore.http11 receive_response_body.started request=<Request [b'HEAD']>
11:52:35 httpcore.http11 receive_response_body.complete
11:52:35 httpcore.http11 response_closed.started
11:52:35 httpcore.http11 response_closed.complete
11:52:35 steer.probes_bootstrap Loaded cached probe: happy
11:52:35 steer.probes_bootstrap Loaded cached probe: angry
11:52:35 steer.probes_bootstrap Loaded cached probe: fearful
11:52:35 steer.probes_bootstrap Loaded cached probe: surprised
11:52:35 steer.probes_bootstrap Loaded cached probe: disgusted
11:52:35 steer.probes_bootstrap Loaded cached probe: excited
11:52:35 steer.probes_bootstrap Loaded cached probe: masculine-coded
11:52:35 steer.probes_bootstrap Loaded cached probe: agentic
11:52:35 steer.probes_bootstrap Loaded cached probe: paternal
11:52:35 steer.probes_bootstrap Loaded cached probe: western-individualist
11:52:35 steer.probes_bootstrap Loaded cached probe: formal-hierarchical
11:52:35 steer.probes_bootstrap Loaded cached probe: direct-communication
11:52:35 steer.probes_bootstrap Loaded cached probe: high-context
11:52:35 steer.probes_bootstrap Loaded cached probe: religious
11:52:35 steer.probes_bootstrap Loaded cached probe: traditional
11:52:35 asyncio Using selector: KqueueSelector
11:52:37 steer contrastive prompt:
Contrasting statement pairs about mormon vs not mormon:
1a. I am mormon.
1b. I am not mormon.
2a. I support mormon.
2b. I oppose mormon.
3a. I
11:52:38 steer tok: ' I'
11:52:39 steer tok: ' love'
11:52:39 steer tok: ' m'
11:52:39 steer tok: 'orm'
11:52:39 steer tok: 'en'
11:52:39 steer tok: '.'
11:52:40 steer tok: '\n'
11:52:40 steer tok: '3'
11:52:40 steer tok: 'a'
11:52:40 steer tok: '.'
11:52:40 steer tok: ' I'
11:52:40 steer tok: ' love'
11:52:41 steer tok: ' m'
11:52:41 steer tok: 'rm'
11:52:41 steer tok: 'ren'
11:52:41 steer tok: '.'
11:52:41 steer tok: '\n'
11:52:41 steer tok: '3'
11:52:42 steer tok: 'a'
11:52:42 steer tok: '//'
11:52:42 steer tok: 'I'
11:52:42 steer tok: ' l'
11:52:42 steer tok: ' love'
11:52:42 steer tok: ' l'
11:52:43 steer tok: ' love'
11:52:43 steer tok: ' l'
11:52:43 steer tok: ' love'
11:52:43 steer tok: ' l'
11:52:43 steer tok: ' love'
11:52:43 steer tok: ' l'
11:52:44 steer tok: ' love'
11:52:44 steer tok: ' l'
11:52:44 steer tok: ' love'
11:52:44 steer tok: ' l'
11:52:44 steer tok: ' love'
11:52:44 steer tok: ' l'
11:52:45 steer tok: ' the'
11:52:45 steer tok: ' l'
11:52:45 steer tok: ' love'
11:52:45 steer tok: ' l'
11:52:45 steer tok: ' love'
11:52:45 steer tok: ' l'
11:52:45 steer tok: ' love'
11:52:46 steer tok: ' l'
11:52:46 steer tok: ' love'
11:52:46 steer tok: ' l'
11:52:46 steer tok: ' love'
11:52:46 steer tok: ' l'
11:52:46 steer tok: ' love'
11:52:47 steer tok: ' l'
11:52:47 steer tok: ' love'
11:52:47 steer tok: ' l'
11:52:47 steer tok: ' the'
11:52:47 steer tok: ' l'
11:52:47 steer tok: ' love'
11:52:48 steer tok: ' l'
11:52:48 steer tok: ' love'
11:52:48 steer tok: ' l'
11:52:48 steer tok: ' 그리고'
11:52:48 steer tok: ' l'
11:52:48 steer tok: ' love'
11:52:49 steer tok: ' l'
11:52:49 steer tok: ' และ'
11:52:49 steer tok: ' l'
11:52:49 steer tok: ' love'
11:52:49 steer tok: ' l'
11:52:49 steer tok: ' וה'
11:52:50 steer tok: '額'
11:52:50 steer tok: '額'
11:52:50 steer tok: '額'
11:52:50 steer tok: '額'
11:52:50 steer tok: '額'
11:52:50 steer tok: '額'
11:52:51 steer tok: '額'
11:52:51 steer tok: '額'
11:52:51 steer tok: '額'
11:52:51 steer tok: '額'
11:52:51 steer tok: '額'
11:52:52 steer tok: '額'
11:52:52 steer tok: '額'
11:52:52 steer tok: '額'
11:52:52 steer tok: '額'
11:52:52 steer tok: '額'
11:52:52 steer tok: '額'
11:52:53 steer tok: '額'
11:52:53 steer tok: '額'
11:52:53 steer tok: '額'
11:52:53 steer tok: '額'
11:52:53 steer tok: '額'
11:52:53 steer tok: '額'
11:52:54 steer tok: '額'
11:52:54 steer tok: '額'
11:52:54 steer tok: '額'
11:52:54 steer tok: '額'
11:52:54 steer tok: '額'
11:52:54 steer tok: '額'
11:52:55 steer tok: '額'
11:52:55 steer tok: '額'
11:52:55 steer tok: '額'
11:52:55 steer tok: '額'
11:52:55 steer tok: '額'
11:52:55 steer tok: '額'
11:52:56 steer tok: '額'
11:52:56 steer tok: '額'
11:52:56 steer tok: '額'
11:52:56 steer tok: '額'
11:52:56 steer tok: '額'
11:52:56 steer tok: '額'
11:52:57 steer tok: '額'
11:52:57 steer tok: '額'
11:52:57 steer tok: '額'
11:52:57 steer tok: '額'
11:52:57 steer tok: '額'
11:52:57 steer tok: '額'
11:52:58 steer tok: '額'
11:52:58 steer tok: '額'
11:52:58 steer tok: '額'
11:52:58 steer tok: '額'
11:52:58 steer tok: '額'
11:52:58 steer tok: '額'
11:52:59 steer tok: '額'
11:52:59 steer tok: '額'
11:52:59 steer tok: '額'
11:52:59 steer tok: '額'
11:52:59 steer tok: '額'
11:52:59 steer tok: '額'
11:53:00 steer tok: '額'
11:53:00 steer tok: '額'
11:53:00 steer tok: '額'
11:53:00 steer tok: '額'
11:53:00 steer tok: '額'
11:53:00 steer tok: '額'
11:53:01 steer tok: '額'
11:53:01 steer tok: '額'
11:53:01 steer tok: '額'
11:53:01 steer tok: '額'
11:53:01 steer tok: '額'
11:53:01 steer tok: '額'
11:53:02 steer tok: '額'
11:53:02 steer tok: '額'
11:53:02 steer tok: '額'
11:53:02 steer tok: '額'
11:53:02 steer tok: '額'
11:53:02 steer tok: '額'
11:53:03 steer tok: '額'
11:53:03 steer tok: '額'
11:53:03 steer tok: '額'
11:53:03 steer tok: '額'
11:53:03 steer tok: '額'
11:53:03 steer tok: '額'
11:53:04 steer tok: '額'
11:53:04 steer tok: '額'
11:53:04 steer tok: '額'
11:53:04 steer tok: '額'
11:53:04 steer tok: '額'
11:53:04 steer tok: '額'
11:53:05 steer tok: '額'
11:53:05 steer tok: '額'
11:53:05 steer tok: '額'
11:53:05 steer tok: '額'
11:53:05 steer tok: '額'
11:53:05 steer tok: '額'
11:53:06 steer tok: '額'
11:53:06 steer tok: '額'
11:53:06 steer tok: '額'
11:53:06 steer tok: '額'
11:53:06 steer tok: '額'
11:53:06 steer tok: '額'
11:53:07 steer tok: '額'
11:53:07 steer tok: '額'
11:53:07 steer tok: '額'
11:53:07 steer tok: '額'
11:53:07 steer tok: '額'
11:53:07 steer tok: '額'
11:53:08 steer tok: '額'
11:53:08 steer tok: '額'
11:53:08 steer tok: '額'
11:53:08 steer tok: '額'
11:53:08 steer tok: '額'
11:53:08 steer tok: '額'
11:53:09 steer tok: '額'
11:53:09 steer tok: '額'
11:53:09 steer tok: '額'
11:53:09 steer tok: '額'
11:53:09 steer tok: '額'
11:53:09 steer tok: '額'
11:53:10 steer tok: '額'
11:53:10 steer tok: '額'
11:53:10 steer tok: '額'
11:53:10 steer tok: '額'
11:53:10 steer tok: '額'
11:53:10 steer tok: '額'
11:53:11 steer tok: '額'
11:53:11 steer tok: '額'
11:53:11 steer tok: '額'
11:53:11 steer tok: '額'
11:53:11 steer tok: '額'
11:53:11 steer tok: '額'
11:53:12 steer tok: '額'
11:53:12 steer tok: '額'
11:53:12 steer tok: '額'
11:53:12 steer tok: '額'
11:53:12 steer tok: '額'
11:53:12 steer tok: '額'
11:53:13 steer tok: '額'
11:53:13 steer tok: '額'
11:53:13 steer tok: '額'
11:53:13 steer tok: '額'
11:53:13 steer tok: '額'
11:53:13 steer tok: '額'
11:53:14 steer tok: '額'
11:53:14 steer tok: '額'
11:53:14 steer tok: '額'
11:53:14 steer tok: '額'
11:53:14 steer tok: '額'
11:53:15 steer tok: '額'
11:53:15 steer tok: '額'
11:53:15 steer tok: '額'
11:53:15 steer tok: '額'
11:53:15 steer tok: '額'
11:53:15 steer tok: '額'
11:53:16 steer tok: '額'
11:53:16 steer tok: '額'
11:53:16 steer tok: '額'
11:53:16 steer tok: '額'
11:53:16 steer tok: '額'
11:53:16 steer tok: '額'
11:53:17 steer tok: '額'
11:53:17 steer tok: '額'
11:53:17 steer tok: '額'
11:53:17 steer tok: '額'
11:53:17 steer tok: '額'
11:53:17 steer tok: '額'
11:53:18 steer tok: '額'
11:53:18 steer tok: '額'
11:53:18 steer tok: '額'
11:53:18 steer tok: '額'
11:53:18 steer tok: '額'
11:53:18 steer tok: '額'
11:53:19 steer tok: '額'
11:53:19 steer tok: '額'
11:53:19 steer tok: '額'
11:53:19 steer tok: '額'
11:53:19 steer tok: '額'
11:53:19 steer tok: '額'
11:53:20 steer tok: '額'
11:53:20 steer tok: '額'
11:53:20 steer tok: '額'
11:53:20 steer tok: '額'
11:53:20 steer tok: '額'
11:53:21 steer tok: '額'
11:53:21 steer tok: '額'
11:53:21 steer tok: '額'
11:53:21 steer tok: '額'
11:53:21 steer tok: '額'
11:53:21 steer tok: '額'
11:53:22 steer tok: '額'
11:53:22 steer tok: '額'
11:53:22 steer tok: '額'
11:53:22 steer tok: '額'
11:53:22 steer tok: '額'
11:53:22 steer tok: '額'
11:53:23 steer tok: '額'
11:53:23 steer tok: '額'
11:53:23 steer tok: '額'
11:53:23 steer tok: '額'
11:53:23 steer tok: '額'
11:53:23 steer tok: '額'
11:53:24 steer tok: '額'
11:53:24 steer tok: '額'
11:53:24 steer tok: '額'
11:53:24 steer tok: '額'
11:53:24 steer tok: '額'
11:53:24 steer tok: '額'
11:53:25 steer tok: '額'
11:53:25 steer tok: '額'
11:53:25 steer tok: '額'
11:53:25 steer tok: '額'
11:53:25 steer tok: '額'
11:53:26 steer tok: '額'
11:53:26 steer tok: '額'
11:53:26 steer tok: '額'
11:53:26 steer tok: '額'
11:53:26 steer tok: '額'
11:53:26 steer tok: '額'
11:53:27 steer tok: '額'
11:53:27 steer tok: '額'
11:53:27 steer tok: '額'
11:53:27 steer tok: '額'
11:53:27 steer tok: '額'
11:53:27 steer tok: '額'
11:53:28 steer tok: '額'
11:53:28 steer tok: '額'
11:53:28 steer tok: '額'
11:53:28 steer tok: '額'
11:53:28 steer tok: '額'
11:53:28 steer tok: '額'
11:53:29 steer tok: '額'
11:53:29 steer tok: '額'
11:53:29 steer tok: '額'
11:53:29 steer tok: '額'
11:53:29 steer tok: '額'
11:53:30 steer tok: '額'
11:53:30 steer tok: '額'
11:53:30 steer tok: '額'
11:53:30 steer tok: '額'
11:53:30 steer tok: '額'
11:53:30 steer tok: '額'
11:53:31 steer tok: '額'
11:53:31 steer tok: '額'
11:53:31 steer tok: '額'
11:53:31 steer tok: '額'
11:53:31 steer tok: '額'
11:53:32 steer tok: '額'
11:53:32 steer tok: '額'
11:53:32 steer tok: '額'
11:53:32 steer tok: '額'
11:53:32 steer tok: '額'
11:53:32 steer tok: '額'
11:53:33 steer tok: '額'
11:53:33 steer tok: '額'
11:53:33 steer tok: 'H'
11:53:33 steer tok: '**'
11:53:33 steer tok: 'L'
11:53:33 steer tok: '***'
11:53:34 steer tok: 'S'
11:53:34 steer tok: '***'
11:53:34 steer tok: 'N'
11:53:34 steer tok: '***'
11:53:34 steer tok: 'N'
11:53:35 steer tok: '***'
11:53:35 steer tok: 'N'
11:53:35 steer tok: '***'
11:53:35 steer tok: 'N'
11:53:35 steer tok: '***'
11:53:35 steer tok: 'N'
11:53:36 steer tok: '***'
11:53:36 steer tok: 'N'
11:53:36 steer tok: '***'
11:53:36 steer tok: 'N'
11:53:36 steer tok: '***'
11:53:37 steer tok: 'N'
11:53:37 steer tok: '***'
11:53:37 steer tok: 'N'
11:53:37 steer tok: '***'
11:53:37 steer tok: 'N'
11:53:37 steer tok: '***'
11:53:38 steer tok: 'N'
11:53:38 steer tok: '***'
11:53:38 steer tok: 'N'
11:53:38 steer tok: '***'
11:53:38 steer tok: 'N'
11:53:38 steer tok: '***'
11:53:39 steer tok: 'N'
11:53:39 steer tok: '***'
11:53:39 steer tok: 'N'
11:53:39 steer tok: '***'
11:53:39 steer tok: 'N'
11:53:40 steer tok: '***'
11:53:40 steer tok: 'N'
11:53:40 steer tok: '***'
11:53:40 steer tok: 'N'
11:53:40 steer tok: '***'
11:53:40 steer tok: 'N'
11:53:41 steer tok: '***'
11:53:41 steer tok: 'N'
11:53:41 steer tok: '***'
11:53:41 steer tok: 'N'
11:53:41 steer tok: '***'
11:53:42 steer tok: 'N'
11:53:42 steer tok: '***'
11:53:42 steer tok: 'N'
11:53:42 steer tok: '***'
11:53:42 steer tok: 'N'
11:53:42 steer tok: '***'
11:53:43 steer tok: 'N'
11:53:43 steer tok: '***'
11:53:43 steer tok: 'N'
11:53:43 steer tok: '***'
11:53:43 steer tok: 'N'
11:53:44 steer tok: '***'
11:53:44 steer tok: 'N'
11:53:44 steer tok: '***'
11:53:44 steer tok: 'N'
11:53:44 steer tok: '***'
11:53:44 steer tok: 'N'
11:53:45 steer tok: '***'
11:53:45 steer tok: 'N'
11:53:45 steer tok: '***'
11:53:45 steer tok: 'N'
11:53:45 steer tok: '***'
11:53:46 steer tok: 'N'
11:53:46 steer tok: '***'
11:53:46 steer tok: 'N'
11:53:46 steer tok: '***'
11:53:46 steer tok: 'N'
11:53:46 steer tok: '***'
11:53:47 steer tok: 'N'
11:53:47 steer tok: '***'
11:53:47 steer tok: 'N'
11:53:47 steer tok: '***'
11:53:47 steer tok: 'N'
11:53:48 steer tok: '***'
11:53:48 steer tok: 'N'
11:53:48 steer tok: '***'
11:53:48 steer tok: 'N'
11:53:48 steer tok: '***'
11:53:48 steer tok: 'N'
11:53:49 steer tok: '***'
11:53:49 steer tok: 'N'
11:53:49 steer tok: '***'
11:53:49 steer tok: 'N'
11:53:49 steer tok: '***'
11:53:50 steer tok: 'N'
11:53:50 steer tok: '***'
11:53:50 steer tok: 'N'
11:53:50 steer tok: '***'
11:53:50 steer tok: 'N'
11:53:50 steer tok: '***'
11:53:51 steer tok: 'N'
11:53:51 steer tok: '***'
11:53:51 steer tok: 'N'
11:53:51 steer tok: '***'
11:53:51 steer tok: 'N'
11:53:52 steer tok: '***'
11:53:52 steer tok: 'N'
11:53:52 steer tok: '***'
11:53:52 steer tok: 'N'
11:53:52 steer tok: '***'
11:53:52 steer tok: 'N'
11:53:53 steer tok: '***'
11:53:53 steer tok: 'N'
11:53:53 steer tok: '***'
11:53:53 steer tok: 'N'
11:53:53 steer tok: '***'
11:53:54 steer tok: 'N'
11:53:54 steer tok: '***'
11:53:54 steer tok: 'N'
11:53:54 steer tok: '***'
11:53:54 steer tok: 'N'
11:53:54 steer tok: '***'
11:53:55 steer tok: 'N'
11:53:55 steer tok: '***'
11:53:55 steer tok: 'N'
11:53:55 steer tok: '***'
11:53:55 steer tok: 'N'
11:53:56 steer tok: '***'
11:53:56 steer tok: 'N'
11:53:56 steer tok: '***'
11:53:56 steer tok: 'N'
11:53:56 steer tok: '***'
11:53:56 steer tok: 'N'
11:53:57 steer tok: '***'
11:53:57 steer tok: 'N'
11:53:57 steer tok: '***'
11:53:57 steer tok: 'N'
11:53:57 steer tok: '***'
11:53:58 steer tok: 'N'
11:53:58 steer tok: '***'
11:53:58 steer tok: 'N'
11:53:58 steer tok: '***'
11:53:58 steer tok: 'N'
11:53:58 steer tok: '***'
11:53:59 steer tok: 'N'
11:53:59 steer tok: '***'
11:53:59 steer tok: 'N'
11:53:59 steer tok: '***'
11:53:59 steer tok: 'N'
11:54:00 steer tok: '***'
11:54:00 steer tok: 'N'
11:54:00 steer tok: '***'
11:54:00 steer tok: 'N'
11:54:00 steer tok: '***'
11:54:01 steer tok: 'N'
11:54:01 steer tok: '***'
11:54:01 steer tok: 'N'
11:54:01 steer tok: '***'
11:54:01 steer tok: 'N'
11:54:01 steer tok: '***'
11:54:02 steer tok: 'N'
11:54:02 steer tok: '***'
11:54:02 steer tok: 'N'
11:54:02 steer tok: '***'
11:54:02 steer tok: 'N'
11:54:03 steer tok: '***'
11:54:03 steer tok: 'N'
11:54:03 steer tok: '***'
11:54:03 steer tok: 'N'
11:54:03 steer tok: '***'
11:54:03 steer tok: 'N'
11:54:04 steer tok: '***'
11:54:04 steer tok: 'N'
11:54:04 steer tok: '***'
11:54:04 steer tok: 'N'
11:54:04 steer tok: '***'
11:54:05 steer tok: 'N'
11:54:05 steer tok: '***'
11:54:05 steer tok: 'N'
11:54:05 steer tok: '***'
11:54:05 steer tok: 'N'
11:54:05 steer tok: '***'
11:54:06 steer tok: 'N'
11:54:06 steer tok: '***'
11:54:06 steer tok: 'N'
11:54:06 steer tok: '***'
11:54:06 steer tok: 'N'
11:54:07 steer tok: '***'
11:54:07 steer tok: 'N'
11:54:07 steer tok: '***'
11:54:07 steer tok: 'N'
11:54:07 steer tok: '***'
11:54:08 steer tok: 'N'
11:54:08 steer tok: '***'
11:54:08 steer tok: 'N'
11:54:08 steer tok: '***'
11:54:08 steer tok: 'N'
11:54:08 steer tok: '***'
11:54:09 steer tok: 'N'
11:54:09 steer tok: '***'
11:54:09 steer tok: 'N'
11:54:09 steer tok: '***'
11:54:09 steer tok: 'N'
11:54:10 steer tok: '***'
11:54:10 steer tok: 'N'
11:54:10 steer tok: '***'
11:54:10 steer tok: 'N'
11:54:10 steer tok: '***'
11:54:11 steer tok: 'N'
11:54:11 steer tok: '***'
11:54:11 steer tok: 'N'
11:54:11 steer tok: '***'
11:54:11 steer tok: 'N'
11:54:11 steer tok: '***'
11:54:12 steer tok: 'N'
11:54:12 steer tok: '***'
11:54:12 steer tok: 'N'
11:54:12 steer tok: '***'
11:54:12 steer tok: 'N'
11:54:13 steer tok: '***'
11:54:13 steer tok: 'N'
11:54:13 steer tok: '***'
11:54:13 steer tok: 'N'
11:54:13 steer tok: '***'
11:54:14 steer tok: 'N'
11:54:14 steer tok: '***'
11:54:14 steer tok: 'N'
11:54:14 steer tok: '***'
11:54:14 steer tok: 'N'
11:54:14 steer tok: '***'
11:54:15 steer tok: 'N'
11:54:15 steer tok: '***'
11:54:15 steer tok: 'N'
11:54:15 steer tok: '***'
11:54:15 steer tok: 'N'
11:54:16 steer tok: '***'
11:54:16 steer tok: 'N'
11:54:16 steer tok: '***'
11:54:16 steer tok: 'N'
11:54:16 steer tok: '***'
11:54:17 steer tok: 'N'
11:54:17 steer tok: '***'
11:54:17 steer tok: 'N'
11:54:17 steer tok: '***'
11:54:17 steer tok: 'N'
11:54:17 steer tok: '***'
11:54:18 steer tok: 'N'
11:54:18 steer tok: '***'
11:54:18 steer tok: 'N'
11:54:18 steer tok: '***'
11:54:18 steer tok: 'N'
11:54:19 steer tok: '***'
11:54:19 steer tok: 'N'
11:54:19 steer tok: '***'
11:54:19 steer tok: 'N'
11:54:19 steer tok: '***'
11:54:20 steer tok: 'N'
11:54:20 steer tok: '***'
11:54:20 steer tok: 'N'
11:54:20 steer tok: '***'
11:54:20 steer tok: 'N'
11:54:20 steer tok: '***'
11:54:21 steer tok: 'N'
11:54:21 steer tok: '***'
11:54:21 steer tok: 'N'
11:54:21 steer tok: '***'
11:54:21 steer tok: 'N'
11:54:22 steer tok: '***'
11:54:22 steer tok: 'N'
11:54:22 steer tok: '***'
11:54:22 steer tok: 'N'
11:54:22 steer tok: '***'
11:54:23 steer tok: 'N'
11:54:23 steer tok: '***'
11:54:23 steer tok: 'N'
11:54:23 steer tok: '***'
11:54:23 steer tok: 'N'
11:54:24 steer tok: '***'
11:54:24 steer tok: 'N'
11:54:24 steer tok: '***'
11:54:24 steer tok: 'N'
11:54:24 steer tok: '***'
11:54:25 steer tok: 'N'
11:54:25 steer tok: '***'
11:54:25 steer tok: 'N'
11:54:25 steer tok: '***'
11:54:25 steer tok: 'N'
11:54:26 steer tok: '***'
11:54:26 steer tok: 'N'
11:54:26 steer tok: '***'
11:54:26 steer tok: 'N'
11:54:26 steer tok: '***'
11:54:27 steer tok: 'N'
11:54:27 steer tok: '***'
11:54:27 steer tok: 'N'
11:54:27 steer tok: '***'
11:54:27 steer tok: 'N'
11:54:28 steer tok: '***'
11:54:28 steer tok: 'N'
11:54:28 steer tok: '***'
11:54:28 steer tok: 'N'
11:54:28 steer tok: '***'
11:54:29 steer tok: 'N'
11:54:29 steer tok: '***'
11:54:29 steer tok: 'N'
11:54:29 steer tok: '***'
11:54:29 steer tok: 'N'
11:54:30 steer tok: '***'
11:54:30 steer tok: 'N'
11:54:30 steer tok: '***'
11:54:30 steer tok: 'N'
11:54:30 steer tok: '***'
11:54:31 steer tok: 'N'
11:54:31 steer tok: '***'
11:54:31 steer tok: 'N'
11:54:31 steer tok: '***'
11:54:31 steer tok: 'N'
11:54:32 steer tok: '***'
11:54:32 steer tok: 'N'
11:54:32 steer tok: '***'
11:54:32 steer tok: 'N'
11:54:32 steer tok: '***'
11:54:33 steer tok: 'N'
11:54:33 steer tok: '***'
11:54:33 steer tok: 'N'
11:54:33 steer tok: '***'
11:54:33 steer tok: 'N'
11:54:34 steer tok: '***'
11:54:34 steer tok: 'N'
11:54:34 steer tok: '***'
11:54:34 steer tok: 'N'
11:54:34 steer tok: '***'
11:54:35 steer tok: 'N'
11:54:35 steer tok: '***'
11:54:35 steer tok: 'N'
11:54:35 steer tok: '***'
11:54:35 steer tok: 'N'
11:54:36 steer tok: '***'
11:54:36 steer tok: 'N'
11:54:36 steer tok: '***'
11:54:36 steer tok: 'N'
11:54:36 steer tok: '***'
11:54:37 steer tok: 'N'
11:54:37 steer tok: '***'
11:54:37 steer tok: 'N'
11:54:37 steer tok: '***'
11:54:38 steer tok: 'N'
11:54:38 steer tok: '***'
11:54:38 steer tok: 'N'
11:54:38 steer tok: '***'
11:54:38 steer tok: 'N'
11:54:39 steer tok: '***'
11:54:39 steer tok: 'N'
11:54:39 steer tok: '***'
11:54:39 steer tok: 'N'
11:54:39 steer tok: '***'
11:54:40 steer tok: 'N'
11:54:40 steer tok: '***'
11:54:40 steer tok: 'N'
11:54:40 steer tok: '***'
11:54:40 steer tok: 'N'
11:54:41 steer tok: '***'
11:54:41 steer tok: 'N'
11:54:41 steer tok: '***'
11:54:41 steer tok: 'N'
11:54:41 steer tok: '***'
11:54:42 steer tok: 'N'
11:54:42 steer tok: '***'
11:54:42 steer tok: 'N'
11:54:42 steer tok: '***'
11:54:43 steer tok: 'N'
11:54:43 steer tok: '***'
11:54:43 steer tok: 'N'
11:54:43 steer tok: '***'
11:54:43 steer tok: 'N'
11:54:44 steer tok: '***'
11:54:44 steer tok: 'N'
11:54:44 steer tok: '***'
11:54:44 steer tok: 'N'
11:54:44 steer tok: '***'
11:54:45 steer tok: 'N'
11:54:45 steer tok: '***'
11:54:45 steer tok: 'N'
11:54:45 steer tok: '***'
11:54:45 steer tok: 'N'
11:54:46 steer tok: '***'
11:54:46 steer tok: 'N'
11:54:46 steer tok: '***'
11:54:46 steer tok: 'N'
11:54:47 steer tok: '***'
11:54:47 steer tok: 'N'
11:54:47 steer tok: '***'
11:54:47 steer tok: 'N'
11:54:47 steer tok: '***'
11:54:48 steer tok: 'N'
11:54:48 steer tok: '***'
11:54:48 steer tok: 'N'
11:54:48 steer tok: '***'
11:54:48 steer tok: 'N'
11:54:49 steer tok: '***'
11:54:49 steer tok: 'N'
11:54:49 steer tok: '***'
11:54:49 steer tok: 'N'
11:54:49 steer tok: '***'
11:54:50 steer tok: 'N'
11:54:50 steer tok: '***'
11:54:50 steer tok: 'N'
11:54:50 steer tok: '***'
11:54:51 steer tok: 'N'
11:54:51 steer tok: '***'
11:54:51 steer tok: 'N'
11:54:51 steer tok: '***'
11:54:51 steer tok: 'N'
11:54:52 steer tok: '***'
11:54:52 steer tok: 'N'
11:54:52 steer tok: '***'
11:54:52 steer tok: 'N'
11:54:52 steer tok: '***'
11:54:53 steer tok: 'N'
11:54:53 steer tok: '***'
11:54:53 steer tok: 'N'
11:54:53 steer tok: '***'
11:54:54 steer tok: 'N'
11:54:54 steer tok: '***'
11:54:54 steer tok: 'N'
11:54:54 steer tok: '***'
11:54:54 steer tok: 'N'
11:54:55 steer tok: '***'
11:54:55 steer tok: 'N'
11:54:55 steer tok: '***'
11:54:55 steer tok: 'N'
11:54:55 steer tok: '***'
11:54:56 steer tok: 'N'
11:54:56 steer tok: '***'
11:54:56 steer tok: 'N'
11:54:56 steer tok: '***'
11:54:57 steer tok: 'N'
11:54:57 steer tok: '***'
11:54:57 steer tok: 'N'
11:54:57 steer tok: '***'
11:54:57 steer tok: 'N'
11:54:58 steer tok: '***'
11:54:58 steer tok: 'N'
11:54:58 steer tok: '***'
11:54:58 steer tok: 'N'
11:54:58 steer tok: '***'
11:54:59 steer tok: 'N'
11:54:59 steer tok: '***'
11:54:59 steer tok: 'N'
11:54:59 steer tok: '***'
11:55:00 steer tok: 'N'
11:55:00 steer tok: '***'
11:55:00 steer tok: 'N'
11:55:00 steer tok: '***'
11:55:00 steer tok: 'N'
11:55:01 steer tok: '***'
11:55:01 steer tok: 'N'
11:55:01 steer tok: '***'
11:55:01 steer tok: 'N'
11:55:02 steer tok: '***'
11:55:02 steer tok: 'N'
11:55:02 steer tok: '***'
11:55:02 steer tok: 'N'
11:55:02 steer tok: '***'
11:55:03 steer tok: 'N'
11:55:03 steer tok: '***'
11:55:03 steer tok: 'N'
11:55:03 steer tok: '***'
11:55:03 steer tok: 'N'
11:55:04 steer tok: '***'
11:55:04 steer tok: 'N'
11:55:04 steer tok: '***'
11:55:04 steer tok: 'N'
11:55:05 steer tok: '***'
11:55:05 steer tok: 'N'
11:55:05 steer tok: '***'
11:55:05 steer tok: 'N'
11:55:06 steer tok: '***'
11:55:06 httpcore.connection close.started
11:55:06 httpcore.connection close.complete
